<?xml version="1.0" encoding="UTF-8"?>
<testsuite name="VisaConfirmation Test"
           tests="3"
           failures="0"
           errors="0"
           skipped="0"
           time="14.569">
  <properties />
  
  
            <testcase name="aColumbianNationalComingToTheUKToJoinAPartnerForALongStayTheyDoHaveAnArticle10Or20Card" time="4.681" classname="gov.uk.check.visa.testsuite.VisaConfirmationTest" />
                <testcase name="aChileanComingToTheUKForWorkAndPlansOnStayingForLongerThanSixMonths" time="7.158" classname="gov.uk.check.visa.testsuite.VisaConfirmationTest" />
                <testcase name="anAustralianComingToUKForTourism" time="2.730" classname="gov.uk.check.visa.testsuite.VisaConfirmationTest" />
      
</testsuite>
